{"/Users/mubarok/Programming/Nodejs/unitest/src/asyncFn.js": {"path":"/Users/mubarok/Programming/Nodejs/unitest/src/asyncFn.js","statementMap":{"0":{"start":{"line":1,"column":29},"end":{"line":8,"column":1}},"1":{"start":{"line":2,"column":2},"end":{"line":7,"column":4}},"2":{"start":{"line":3,"column":4},"end":{"line":6,"column":13}},"3":{"start":{"line":4,"column":6},"end":{"line":4,"column":41}},"4":{"start":{"line":4,"column":16},"end":{"line":4,"column":41}},"5":{"start":{"line":5,"column":6},"end":{"line":5,"column":30}}},"fnMap":{"0":{"name":"(anonymous_0)","decl":{"start":{"line":1,"column":29},"end":{"line":1,"column":30}},"loc":{"start":{"line":1,"column":39},"end":{"line":8,"column":1}},"line":1},"1":{"name":"(anonymous_1)","decl":{"start":{"line":2,"column":21},"end":{"line":2,"column":22}},"loc":{"start":{"line":2,"column":42},"end":{"line":7,"column":3}},"line":2},"2":{"name":"(anonymous_2)","decl":{"start":{"line":3,"column":15},"end":{"line":3,"column":16}},"loc":{"start":{"line":3,"column":21},"end":{"line":6,"column":5}},"line":3}},"branchMap":{"0":{"loc":{"start":{"line":4,"column":6},"end":{"line":4,"column":41}},"type":"if","locations":[{"start":{"line":4,"column":6},"end":{"line":4,"column":41}},{"start":{},"end":{}}],"line":4}},"s":{"0":1,"1":3,"2":3,"3":3,"4":2,"5":3},"f":{"0":3,"1":3,"2":3},"b":{"0":[2,1]},"_coverageSchema":"1a1c01bbd47fc00a2c39e90264f33305004495a9","hash":"4a38a843ae08aa3e6f8fde5077eb509b8689cd2e"}
,"/Users/mubarok/Programming/Nodejs/unitest/src/exception.js": {"path":"/Users/mubarok/Programming/Nodejs/unitest/src/exception.js","statementMap":{"0":{"start":{"line":5,"column":22},"end":{"line":9,"column":1}},"1":{"start":{"line":6,"column":2},"end":{"line":6,"column":77}},"2":{"start":{"line":6,"column":27},"end":{"line":6,"column":77}},"3":{"start":{"line":8,"column":2},"end":{"line":8,"column":14}}},"fnMap":{"0":{"name":"(anonymous_0)","decl":{"start":{"line":5,"column":22},"end":{"line":5,"column":23}},"loc":{"start":{"line":5,"column":32},"end":{"line":9,"column":1}},"line":5}},"branchMap":{"0":{"loc":{"start":{"line":6,"column":2},"end":{"line":6,"column":77}},"type":"if","locations":[{"start":{"line":6,"column":2},"end":{"line":6,"column":77}},{"start":{},"end":{}}],"line":6}},"s":{"0":1,"1":4,"2":3,"3":1},"f":{"0":4},"b":{"0":[3,1]},"_coverageSchema":"1a1c01bbd47fc00a2c39e90264f33305004495a9","hash":"ad4f8a8e2b6e3b7c55df75c5bc51e6c08861318e"}
,"/Users/mubarok/Programming/Nodejs/unitest/src/sum.js": {"path":"/Users/mubarok/Programming/Nodejs/unitest/src/sum.js","statementMap":{"0":{"start":{"line":1,"column":19},"end":{"line":3,"column":1}},"1":{"start":{"line":2,"column":2},"end":{"line":2,"column":24}},"2":{"start":{"line":5,"column":25},"end":{"line":11,"column":1}},"3":{"start":{"line":6,"column":14},"end":{"line":6,"column":15}},"4":{"start":{"line":7,"column":2},"end":{"line":9,"column":3}},"5":{"start":{"line":7,"column":15},"end":{"line":7,"column":16}},"6":{"start":{"line":8,"column":4},"end":{"line":8,"column":22}},"7":{"start":{"line":10,"column":2},"end":{"line":10,"column":15}}},"fnMap":{"0":{"name":"(anonymous_0)","decl":{"start":{"line":1,"column":19},"end":{"line":1,"column":20}},"loc":{"start":{"line":1,"column":38},"end":{"line":3,"column":1}},"line":1},"1":{"name":"(anonymous_1)","decl":{"start":{"line":5,"column":25},"end":{"line":5,"column":26}},"loc":{"start":{"line":5,"column":37},"end":{"line":11,"column":1}},"line":5}},"branchMap":{},"s":{"0":3,"1":5,"2":3,"3":1,"4":1,"5":1,"6":5,"7":1},"f":{"0":5,"1":1},"b":{},"_coverageSchema":"1a1c01bbd47fc00a2c39e90264f33305004495a9","hash":"45df7d9b515da4d70a71e361f49942a851e18701"}
}
